CRITICAL - 2023-11-14 01:17:17 --> Undefined constant "CodeIgniter\Database\MySQLi\MYSQLI_STORE_RESULT"
in SYSTEMPATH/Database/Database.php on line 137.
 1 SYSTEMPATH/Database/Database.php(55): CodeIgniter\Database\Database->initDriver()
 2 SYSTEMPATH/Database/Config.php(83): CodeIgniter\Database\Database->load()
 3 SYSTEMPATH/Model.php(151): CodeIgniter\Database\Config::connect()
 4 APPPATH/Controllers/UserCrud.php(9): CodeIgniter\Model->__construct()
 5 SYSTEMPATH/CodeIgniter.php(942): App\Controllers\UserCrud->index()
 6 SYSTEMPATH/CodeIgniter.php(502): CodeIgniter\CodeIgniter->runController()
 7 SYSTEMPATH/CodeIgniter.php(361): CodeIgniter\CodeIgniter->handleRequest()
 8 FCPATH/index.php(79): CodeIgniter\CodeIgniter->run()
 9 SYSTEMPATH/Commands/Server/rewrite.php(47): require_once('/home/sidao/GIT/sv-ci4-crud-simples/public/index.php')
CRITICAL - 2023-11-14 01:18:57 --> Undefined constant "CodeIgniter\Database\MySQLi\MYSQLI_STORE_RESULT"
in SYSTEMPATH/Database/Database.php on line 137.
 1 SYSTEMPATH/Database/Database.php(55): CodeIgniter\Database\Database->initDriver()
 2 SYSTEMPATH/Database/Config.php(83): CodeIgniter\Database\Database->load()
 3 SYSTEMPATH/Model.php(151): CodeIgniter\Database\Config::connect()
 4 APPPATH/Controllers/UserCrud.php(9): CodeIgniter\Model->__construct()
 5 SYSTEMPATH/CodeIgniter.php(942): App\Controllers\UserCrud->index()
 6 SYSTEMPATH/CodeIgniter.php(502): CodeIgniter\CodeIgniter->runController()
 7 SYSTEMPATH/CodeIgniter.php(361): CodeIgniter\CodeIgniter->handleRequest()
 8 FCPATH/index.php(79): CodeIgniter\CodeIgniter->run()
 9 SYSTEMPATH/Commands/Server/rewrite.php(47): require_once('/home/sidao/GIT/sv-ci4-crud-simples/public/index.php')
CRITICAL - 2023-11-14 01:19:09 --> Undefined constant "CodeIgniter\Database\MySQLi\MYSQLI_STORE_RESULT"
in SYSTEMPATH/Database/Database.php on line 137.
 1 SYSTEMPATH/Database/Database.php(55): CodeIgniter\Database\Database->initDriver()
 2 SYSTEMPATH/Database/Config.php(83): CodeIgniter\Database\Database->load()
 3 SYSTEMPATH/Model.php(151): CodeIgniter\Database\Config::connect()
 4 APPPATH/Controllers/UserCrud.php(9): CodeIgniter\Model->__construct()
 5 SYSTEMPATH/CodeIgniter.php(942): App\Controllers\UserCrud->index()
 6 SYSTEMPATH/CodeIgniter.php(502): CodeIgniter\CodeIgniter->runController()
 7 SYSTEMPATH/CodeIgniter.php(361): CodeIgniter\CodeIgniter->handleRequest()
 8 FCPATH/index.php(79): CodeIgniter\CodeIgniter->run()
 9 SYSTEMPATH/Commands/Server/rewrite.php(47): require_once('/home/sidao/GIT/sv-ci4-crud-simples/public/index.php')
CRITICAL - 2023-11-14 01:21:44 --> Undefined constant "CodeIgniter\Database\MySQLi\MYSQLI_STORE_RESULT"
in SYSTEMPATH/Database/Database.php on line 137.
 1 SYSTEMPATH/Database/Database.php(55): CodeIgniter\Database\Database->initDriver()
 2 SYSTEMPATH/Database/Config.php(83): CodeIgniter\Database\Database->load()
 3 SYSTEMPATH/Model.php(151): CodeIgniter\Database\Config::connect()
 4 APPPATH/Controllers/UserCrud.php(9): CodeIgniter\Model->__construct()
 5 SYSTEMPATH/CodeIgniter.php(942): App\Controllers\UserCrud->index()
 6 SYSTEMPATH/CodeIgniter.php(502): CodeIgniter\CodeIgniter->runController()
 7 SYSTEMPATH/CodeIgniter.php(361): CodeIgniter\CodeIgniter->handleRequest()
 8 FCPATH/index.php(79): CodeIgniter\CodeIgniter->run()
 9 SYSTEMPATH/Commands/Server/rewrite.php(47): require_once('/home/sidao/GIT/sv-ci4-crud-simples/public/index.php')
CRITICAL - 2023-11-14 01:23:52 --> Undefined constant "CodeIgniter\Database\MySQLi\MYSQLI_STORE_RESULT"
in SYSTEMPATH/Database/Database.php on line 137.
 1 SYSTEMPATH/Database/Database.php(55): CodeIgniter\Database\Database->initDriver()
 2 SYSTEMPATH/Database/Config.php(83): CodeIgniter\Database\Database->load()
 3 SYSTEMPATH/Model.php(151): CodeIgniter\Database\Config::connect()
 4 APPPATH/Controllers/UserCrud.php(9): CodeIgniter\Model->__construct()
 5 SYSTEMPATH/CodeIgniter.php(942): App\Controllers\UserCrud->index()
 6 SYSTEMPATH/CodeIgniter.php(502): CodeIgniter\CodeIgniter->runController()
 7 SYSTEMPATH/CodeIgniter.php(361): CodeIgniter\CodeIgniter->handleRequest()
 8 FCPATH/index.php(79): CodeIgniter\CodeIgniter->run()
 9 SYSTEMPATH/Commands/Server/rewrite.php(47): require_once('/home/sidao/GIT/sv-ci4-crud-simples/public/index.php')
CRITICAL - 2023-11-14 01:24:28 --> Undefined constant "CodeIgniter\Database\MySQLi\MYSQLI_STORE_RESULT"
in SYSTEMPATH/Database/Database.php on line 137.
 1 SYSTEMPATH/Database/Database.php(55): CodeIgniter\Database\Database->initDriver()
 2 SYSTEMPATH/Database/Config.php(83): CodeIgniter\Database\Database->load()
 3 SYSTEMPATH/Model.php(151): CodeIgniter\Database\Config::connect()
 4 APPPATH/Controllers/UserCrud.php(9): CodeIgniter\Model->__construct()
 5 SYSTEMPATH/CodeIgniter.php(942): App\Controllers\UserCrud->index()
 6 SYSTEMPATH/CodeIgniter.php(502): CodeIgniter\CodeIgniter->runController()
 7 SYSTEMPATH/CodeIgniter.php(361): CodeIgniter\CodeIgniter->handleRequest()
 8 FCPATH/index.php(79): CodeIgniter\CodeIgniter->run()
 9 SYSTEMPATH/Commands/Server/rewrite.php(47): require_once('/home/sidao/GIT/sv-ci4-crud-simples/public/index.php')
ERROR - 2023-11-14 01:31:24 --> Error connecting to the database: mysqli_sql_exception: No such file or directory in /home/sidao/GIT/sv-ci4-crud-simples/vendor/codeigniter4/framework/system/Database/MySQLi/Connection.php:184
Stack trace:
#0 /home/sidao/GIT/sv-ci4-crud-simples/vendor/codeigniter4/framework/system/Database/MySQLi/Connection.php(184): mysqli->real_connect()
#1 /home/sidao/GIT/sv-ci4-crud-simples/vendor/codeigniter4/framework/system/Database/BaseConnection.php(392): CodeIgniter\Database\MySQLi\Connection->connect()
#2 /home/sidao/GIT/sv-ci4-crud-simples/vendor/codeigniter4/framework/system/Database/BaseConnection.php(575): CodeIgniter\Database\BaseConnection->initialize()
#3 /home/sidao/GIT/sv-ci4-crud-simples/vendor/codeigniter4/framework/system/Database/BaseBuilder.php(1615): CodeIgniter\Database\BaseConnection->query()
#4 /home/sidao/GIT/sv-ci4-crud-simples/vendor/codeigniter4/framework/system/Model.php(237): CodeIgniter\Database\BaseBuilder->get()
#5 /home/sidao/GIT/sv-ci4-crud-simples/vendor/codeigniter4/framework/system/BaseModel.php(624): CodeIgniter\Model->doFindAll()
#6 /home/sidao/GIT/sv-ci4-crud-simples/app/Controllers/UserCrud.php(10): CodeIgniter\BaseModel->findAll()
#7 /home/sidao/GIT/sv-ci4-crud-simples/vendor/codeigniter4/framework/system/CodeIgniter.php(942): App\Controllers\UserCrud->index()
#8 /home/sidao/GIT/sv-ci4-crud-simples/vendor/codeigniter4/framework/system/CodeIgniter.php(502): CodeIgniter\CodeIgniter->runController()
#9 /home/sidao/GIT/sv-ci4-crud-simples/vendor/codeigniter4/framework/system/CodeIgniter.php(361): CodeIgniter\CodeIgniter->handleRequest()
#10 /home/sidao/GIT/sv-ci4-crud-simples/public/index.php(79): CodeIgniter\CodeIgniter->run()
#11 /home/sidao/GIT/sv-ci4-crud-simples/vendor/codeigniter4/framework/system/Commands/Server/rewrite.php(47): require_once('...')
#12 {main}

Next CodeIgniter\Database\Exceptions\DatabaseException: No such file or directory in /home/sidao/GIT/sv-ci4-crud-simples/vendor/codeigniter4/framework/system/Database/MySQLi/Connection.php:229
Stack trace:
#0 /home/sidao/GIT/sv-ci4-crud-simples/vendor/codeigniter4/framework/system/Database/BaseConnection.php(392): CodeIgniter\Database\MySQLi\Connection->connect()
#1 /home/sidao/GIT/sv-ci4-crud-simples/vendor/codeigniter4/framework/system/Database/BaseConnection.php(575): CodeIgniter\Database\BaseConnection->initialize()
#2 /home/sidao/GIT/sv-ci4-crud-simples/vendor/codeigniter4/framework/system/Database/BaseBuilder.php(1615): CodeIgniter\Database\BaseConnection->query()
#3 /home/sidao/GIT/sv-ci4-crud-simples/vendor/codeigniter4/framework/system/Model.php(237): CodeIgniter\Database\BaseBuilder->get()
#4 /home/sidao/GIT/sv-ci4-crud-simples/vendor/codeigniter4/framework/system/BaseModel.php(624): CodeIgniter\Model->doFindAll()
#5 /home/sidao/GIT/sv-ci4-crud-simples/app/Controllers/UserCrud.php(10): CodeIgniter\BaseModel->findAll()
#6 /home/sidao/GIT/sv-ci4-crud-simples/vendor/codeigniter4/framework/system/CodeIgniter.php(942): App\Controllers\UserCrud->index()
#7 /home/sidao/GIT/sv-ci4-crud-simples/vendor/codeigniter4/framework/system/CodeIgniter.php(502): CodeIgniter\CodeIgniter->runController()
#8 /home/sidao/GIT/sv-ci4-crud-simples/vendor/codeigniter4/framework/system/CodeIgniter.php(361): CodeIgniter\CodeIgniter->handleRequest()
#9 /home/sidao/GIT/sv-ci4-crud-simples/public/index.php(79): CodeIgniter\CodeIgniter->run()
#10 /home/sidao/GIT/sv-ci4-crud-simples/vendor/codeigniter4/framework/system/Commands/Server/rewrite.php(47): require_once('...')
#11 {main}
CRITICAL - 2023-11-14 01:31:24 --> Unable to connect to the database.
Main connection [MySQLi]: No such file or directory
in SYSTEMPATH/Database/BaseConnection.php on line 428.
 1 SYSTEMPATH/Database/BaseConnection.php(575): CodeIgniter\Database\BaseConnection->initialize()
 2 SYSTEMPATH/Database/BaseBuilder.php(1615): CodeIgniter\Database\BaseConnection->query()
 3 SYSTEMPATH/Model.php(237): CodeIgniter\Database\BaseBuilder->get()
 4 SYSTEMPATH/BaseModel.php(624): CodeIgniter\Model->doFindAll()
 5 APPPATH/Controllers/UserCrud.php(10): CodeIgniter\BaseModel->findAll()
 6 SYSTEMPATH/CodeIgniter.php(942): App\Controllers\UserCrud->index()
 7 SYSTEMPATH/CodeIgniter.php(502): CodeIgniter\CodeIgniter->runController()
 8 SYSTEMPATH/CodeIgniter.php(361): CodeIgniter\CodeIgniter->handleRequest()
 9 FCPATH/index.php(79): CodeIgniter\CodeIgniter->run()
10 SYSTEMPATH/Commands/Server/rewrite.php(47): require_once('/home/sidao/GIT/sv-ci4-crud-simples/public/index.php')
ERROR - 2023-11-14 01:32:22 --> Error connecting to the database: mysqli_sql_exception: No such file or directory in /home/sidao/GIT/sv-ci4-crud-simples/vendor/codeigniter4/framework/system/Database/MySQLi/Connection.php:184
Stack trace:
#0 /home/sidao/GIT/sv-ci4-crud-simples/vendor/codeigniter4/framework/system/Database/MySQLi/Connection.php(184): mysqli->real_connect()
#1 /home/sidao/GIT/sv-ci4-crud-simples/vendor/codeigniter4/framework/system/Database/BaseConnection.php(392): CodeIgniter\Database\MySQLi\Connection->connect()
#2 /home/sidao/GIT/sv-ci4-crud-simples/vendor/codeigniter4/framework/system/Database/BaseConnection.php(575): CodeIgniter\Database\BaseConnection->initialize()
#3 /home/sidao/GIT/sv-ci4-crud-simples/vendor/codeigniter4/framework/system/Database/BaseBuilder.php(1615): CodeIgniter\Database\BaseConnection->query()
#4 /home/sidao/GIT/sv-ci4-crud-simples/vendor/codeigniter4/framework/system/Model.php(237): CodeIgniter\Database\BaseBuilder->get()
#5 /home/sidao/GIT/sv-ci4-crud-simples/vendor/codeigniter4/framework/system/BaseModel.php(624): CodeIgniter\Model->doFindAll()
#6 /home/sidao/GIT/sv-ci4-crud-simples/app/Controllers/UserCrud.php(10): CodeIgniter\BaseModel->findAll()
#7 /home/sidao/GIT/sv-ci4-crud-simples/vendor/codeigniter4/framework/system/CodeIgniter.php(942): App\Controllers\UserCrud->index()
#8 /home/sidao/GIT/sv-ci4-crud-simples/vendor/codeigniter4/framework/system/CodeIgniter.php(502): CodeIgniter\CodeIgniter->runController()
#9 /home/sidao/GIT/sv-ci4-crud-simples/vendor/codeigniter4/framework/system/CodeIgniter.php(361): CodeIgniter\CodeIgniter->handleRequest()
#10 /home/sidao/GIT/sv-ci4-crud-simples/public/index.php(79): CodeIgniter\CodeIgniter->run()
#11 /home/sidao/GIT/sv-ci4-crud-simples/vendor/codeigniter4/framework/system/Commands/Server/rewrite.php(47): require_once('...')
#12 {main}

Next CodeIgniter\Database\Exceptions\DatabaseException: No such file or directory in /home/sidao/GIT/sv-ci4-crud-simples/vendor/codeigniter4/framework/system/Database/MySQLi/Connection.php:229
Stack trace:
#0 /home/sidao/GIT/sv-ci4-crud-simples/vendor/codeigniter4/framework/system/Database/BaseConnection.php(392): CodeIgniter\Database\MySQLi\Connection->connect()
#1 /home/sidao/GIT/sv-ci4-crud-simples/vendor/codeigniter4/framework/system/Database/BaseConnection.php(575): CodeIgniter\Database\BaseConnection->initialize()
#2 /home/sidao/GIT/sv-ci4-crud-simples/vendor/codeigniter4/framework/system/Database/BaseBuilder.php(1615): CodeIgniter\Database\BaseConnection->query()
#3 /home/sidao/GIT/sv-ci4-crud-simples/vendor/codeigniter4/framework/system/Model.php(237): CodeIgniter\Database\BaseBuilder->get()
#4 /home/sidao/GIT/sv-ci4-crud-simples/vendor/codeigniter4/framework/system/BaseModel.php(624): CodeIgniter\Model->doFindAll()
#5 /home/sidao/GIT/sv-ci4-crud-simples/app/Controllers/UserCrud.php(10): CodeIgniter\BaseModel->findAll()
#6 /home/sidao/GIT/sv-ci4-crud-simples/vendor/codeigniter4/framework/system/CodeIgniter.php(942): App\Controllers\UserCrud->index()
#7 /home/sidao/GIT/sv-ci4-crud-simples/vendor/codeigniter4/framework/system/CodeIgniter.php(502): CodeIgniter\CodeIgniter->runController()
#8 /home/sidao/GIT/sv-ci4-crud-simples/vendor/codeigniter4/framework/system/CodeIgniter.php(361): CodeIgniter\CodeIgniter->handleRequest()
#9 /home/sidao/GIT/sv-ci4-crud-simples/public/index.php(79): CodeIgniter\CodeIgniter->run()
#10 /home/sidao/GIT/sv-ci4-crud-simples/vendor/codeigniter4/framework/system/Commands/Server/rewrite.php(47): require_once('...')
#11 {main}
CRITICAL - 2023-11-14 01:32:22 --> Unable to connect to the database.
Main connection [MySQLi]: No such file or directory
in SYSTEMPATH/Database/BaseConnection.php on line 428.
 1 SYSTEMPATH/Database/BaseConnection.php(575): CodeIgniter\Database\BaseConnection->initialize()
 2 SYSTEMPATH/Database/BaseBuilder.php(1615): CodeIgniter\Database\BaseConnection->query()
 3 SYSTEMPATH/Model.php(237): CodeIgniter\Database\BaseBuilder->get()
 4 SYSTEMPATH/BaseModel.php(624): CodeIgniter\Model->doFindAll()
 5 APPPATH/Controllers/UserCrud.php(10): CodeIgniter\BaseModel->findAll()
 6 SYSTEMPATH/CodeIgniter.php(942): App\Controllers\UserCrud->index()
 7 SYSTEMPATH/CodeIgniter.php(502): CodeIgniter\CodeIgniter->runController()
 8 SYSTEMPATH/CodeIgniter.php(361): CodeIgniter\CodeIgniter->handleRequest()
 9 FCPATH/index.php(79): CodeIgniter\CodeIgniter->run()
10 SYSTEMPATH/Commands/Server/rewrite.php(47): require_once('/home/sidao/GIT/sv-ci4-crud-simples/public/index.php')
ERROR - 2023-11-14 01:33:14 --> Error connecting to the database: mysqli_sql_exception: No such file or directory in /home/sidao/GIT/sv-ci4-crud-simples/vendor/codeigniter4/framework/system/Database/MySQLi/Connection.php:184
Stack trace:
#0 /home/sidao/GIT/sv-ci4-crud-simples/vendor/codeigniter4/framework/system/Database/MySQLi/Connection.php(184): mysqli->real_connect()
#1 /home/sidao/GIT/sv-ci4-crud-simples/vendor/codeigniter4/framework/system/Database/BaseConnection.php(392): CodeIgniter\Database\MySQLi\Connection->connect()
#2 /home/sidao/GIT/sv-ci4-crud-simples/vendor/codeigniter4/framework/system/Database/BaseConnection.php(575): CodeIgniter\Database\BaseConnection->initialize()
#3 /home/sidao/GIT/sv-ci4-crud-simples/vendor/codeigniter4/framework/system/Database/BaseBuilder.php(1615): CodeIgniter\Database\BaseConnection->query()
#4 /home/sidao/GIT/sv-ci4-crud-simples/vendor/codeigniter4/framework/system/Model.php(237): CodeIgniter\Database\BaseBuilder->get()
#5 /home/sidao/GIT/sv-ci4-crud-simples/vendor/codeigniter4/framework/system/BaseModel.php(624): CodeIgniter\Model->doFindAll()
#6 /home/sidao/GIT/sv-ci4-crud-simples/app/Controllers/UserCrud.php(10): CodeIgniter\BaseModel->findAll()
#7 /home/sidao/GIT/sv-ci4-crud-simples/vendor/codeigniter4/framework/system/CodeIgniter.php(942): App\Controllers\UserCrud->index()
#8 /home/sidao/GIT/sv-ci4-crud-simples/vendor/codeigniter4/framework/system/CodeIgniter.php(502): CodeIgniter\CodeIgniter->runController()
#9 /home/sidao/GIT/sv-ci4-crud-simples/vendor/codeigniter4/framework/system/CodeIgniter.php(361): CodeIgniter\CodeIgniter->handleRequest()
#10 /home/sidao/GIT/sv-ci4-crud-simples/public/index.php(79): CodeIgniter\CodeIgniter->run()
#11 /home/sidao/GIT/sv-ci4-crud-simples/vendor/codeigniter4/framework/system/Commands/Server/rewrite.php(47): require_once('...')
#12 {main}

Next CodeIgniter\Database\Exceptions\DatabaseException: No such file or directory in /home/sidao/GIT/sv-ci4-crud-simples/vendor/codeigniter4/framework/system/Database/MySQLi/Connection.php:229
Stack trace:
#0 /home/sidao/GIT/sv-ci4-crud-simples/vendor/codeigniter4/framework/system/Database/BaseConnection.php(392): CodeIgniter\Database\MySQLi\Connection->connect()
#1 /home/sidao/GIT/sv-ci4-crud-simples/vendor/codeigniter4/framework/system/Database/BaseConnection.php(575): CodeIgniter\Database\BaseConnection->initialize()
#2 /home/sidao/GIT/sv-ci4-crud-simples/vendor/codeigniter4/framework/system/Database/BaseBuilder.php(1615): CodeIgniter\Database\BaseConnection->query()
#3 /home/sidao/GIT/sv-ci4-crud-simples/vendor/codeigniter4/framework/system/Model.php(237): CodeIgniter\Database\BaseBuilder->get()
#4 /home/sidao/GIT/sv-ci4-crud-simples/vendor/codeigniter4/framework/system/BaseModel.php(624): CodeIgniter\Model->doFindAll()
#5 /home/sidao/GIT/sv-ci4-crud-simples/app/Controllers/UserCrud.php(10): CodeIgniter\BaseModel->findAll()
#6 /home/sidao/GIT/sv-ci4-crud-simples/vendor/codeigniter4/framework/system/CodeIgniter.php(942): App\Controllers\UserCrud->index()
#7 /home/sidao/GIT/sv-ci4-crud-simples/vendor/codeigniter4/framework/system/CodeIgniter.php(502): CodeIgniter\CodeIgniter->runController()
#8 /home/sidao/GIT/sv-ci4-crud-simples/vendor/codeigniter4/framework/system/CodeIgniter.php(361): CodeIgniter\CodeIgniter->handleRequest()
#9 /home/sidao/GIT/sv-ci4-crud-simples/public/index.php(79): CodeIgniter\CodeIgniter->run()
#10 /home/sidao/GIT/sv-ci4-crud-simples/vendor/codeigniter4/framework/system/Commands/Server/rewrite.php(47): require_once('...')
#11 {main}
CRITICAL - 2023-11-14 01:33:14 --> Unable to connect to the database.
Main connection [MySQLi]: No such file or directory
in SYSTEMPATH/Database/BaseConnection.php on line 428.
 1 SYSTEMPATH/Database/BaseConnection.php(575): CodeIgniter\Database\BaseConnection->initialize()
 2 SYSTEMPATH/Database/BaseBuilder.php(1615): CodeIgniter\Database\BaseConnection->query()
 3 SYSTEMPATH/Model.php(237): CodeIgniter\Database\BaseBuilder->get()
 4 SYSTEMPATH/BaseModel.php(624): CodeIgniter\Model->doFindAll()
 5 APPPATH/Controllers/UserCrud.php(10): CodeIgniter\BaseModel->findAll()
 6 SYSTEMPATH/CodeIgniter.php(942): App\Controllers\UserCrud->index()
 7 SYSTEMPATH/CodeIgniter.php(502): CodeIgniter\CodeIgniter->runController()
 8 SYSTEMPATH/CodeIgniter.php(361): CodeIgniter\CodeIgniter->handleRequest()
 9 FCPATH/index.php(79): CodeIgniter\CodeIgniter->run()
10 SYSTEMPATH/Commands/Server/rewrite.php(47): require_once('/home/sidao/GIT/sv-ci4-crud-simples/public/index.php')
ERROR - 2023-11-14 01:37:03 --> Error connecting to the database: mysqli_sql_exception: Access denied for user 'root'@'localhost' (using password: YES) in /home/sidao/GIT/sv-ci4-crud-simples/vendor/codeigniter4/framework/system/Database/MySQLi/Connection.php:184
Stack trace:
#0 /home/sidao/GIT/sv-ci4-crud-simples/vendor/codeigniter4/framework/system/Database/MySQLi/Connection.php(184): mysqli->real_connect()
#1 /home/sidao/GIT/sv-ci4-crud-simples/vendor/codeigniter4/framework/system/Database/BaseConnection.php(392): CodeIgniter\Database\MySQLi\Connection->connect()
#2 /home/sidao/GIT/sv-ci4-crud-simples/vendor/codeigniter4/framework/system/Database/BaseConnection.php(575): CodeIgniter\Database\BaseConnection->initialize()
#3 /home/sidao/GIT/sv-ci4-crud-simples/vendor/codeigniter4/framework/system/Database/BaseBuilder.php(1615): CodeIgniter\Database\BaseConnection->query()
#4 /home/sidao/GIT/sv-ci4-crud-simples/vendor/codeigniter4/framework/system/Model.php(237): CodeIgniter\Database\BaseBuilder->get()
#5 /home/sidao/GIT/sv-ci4-crud-simples/vendor/codeigniter4/framework/system/BaseModel.php(624): CodeIgniter\Model->doFindAll()
#6 /home/sidao/GIT/sv-ci4-crud-simples/app/Controllers/UserCrud.php(10): CodeIgniter\BaseModel->findAll()
#7 /home/sidao/GIT/sv-ci4-crud-simples/vendor/codeigniter4/framework/system/CodeIgniter.php(942): App\Controllers\UserCrud->index()
#8 /home/sidao/GIT/sv-ci4-crud-simples/vendor/codeigniter4/framework/system/CodeIgniter.php(502): CodeIgniter\CodeIgniter->runController()
#9 /home/sidao/GIT/sv-ci4-crud-simples/vendor/codeigniter4/framework/system/CodeIgniter.php(361): CodeIgniter\CodeIgniter->handleRequest()
#10 /home/sidao/GIT/sv-ci4-crud-simples/public/index.php(79): CodeIgniter\CodeIgniter->run()
#11 /home/sidao/GIT/sv-ci4-crud-simples/vendor/codeigniter4/framework/system/Commands/Server/rewrite.php(47): require_once('...')
#12 {main}

Next CodeIgniter\Database\Exceptions\DatabaseException: Access denied for user '****'@'localhost' (using password: YES) in /home/sidao/GIT/sv-ci4-crud-simples/vendor/codeigniter4/framework/system/Database/MySQLi/Connection.php:229
Stack trace:
#0 /home/sidao/GIT/sv-ci4-crud-simples/vendor/codeigniter4/framework/system/Database/BaseConnection.php(392): CodeIgniter\Database\MySQLi\Connection->connect()
#1 /home/sidao/GIT/sv-ci4-crud-simples/vendor/codeigniter4/framework/system/Database/BaseConnection.php(575): CodeIgniter\Database\BaseConnection->initialize()
#2 /home/sidao/GIT/sv-ci4-crud-simples/vendor/codeigniter4/framework/system/Database/BaseBuilder.php(1615): CodeIgniter\Database\BaseConnection->query()
#3 /home/sidao/GIT/sv-ci4-crud-simples/vendor/codeigniter4/framework/system/Model.php(237): CodeIgniter\Database\BaseBuilder->get()
#4 /home/sidao/GIT/sv-ci4-crud-simples/vendor/codeigniter4/framework/system/BaseModel.php(624): CodeIgniter\Model->doFindAll()
#5 /home/sidao/GIT/sv-ci4-crud-simples/app/Controllers/UserCrud.php(10): CodeIgniter\BaseModel->findAll()
#6 /home/sidao/GIT/sv-ci4-crud-simples/vendor/codeigniter4/framework/system/CodeIgniter.php(942): App\Controllers\UserCrud->index()
#7 /home/sidao/GIT/sv-ci4-crud-simples/vendor/codeigniter4/framework/system/CodeIgniter.php(502): CodeIgniter\CodeIgniter->runController()
#8 /home/sidao/GIT/sv-ci4-crud-simples/vendor/codeigniter4/framework/system/CodeIgniter.php(361): CodeIgniter\CodeIgniter->handleRequest()
#9 /home/sidao/GIT/sv-ci4-crud-simples/public/index.php(79): CodeIgniter\CodeIgniter->run()
#10 /home/sidao/GIT/sv-ci4-crud-simples/vendor/codeigniter4/framework/system/Commands/Server/rewrite.php(47): require_once('...')
#11 {main}
CRITICAL - 2023-11-14 01:37:03 --> Unable to connect to the database.
Main connection [MySQLi]: Access denied for user '****'@'localhost' (using password: YES)
in SYSTEMPATH/Database/BaseConnection.php on line 428.
 1 SYSTEMPATH/Database/BaseConnection.php(575): CodeIgniter\Database\BaseConnection->initialize()
 2 SYSTEMPATH/Database/BaseBuilder.php(1615): CodeIgniter\Database\BaseConnection->query()
 3 SYSTEMPATH/Model.php(237): CodeIgniter\Database\BaseBuilder->get()
 4 SYSTEMPATH/BaseModel.php(624): CodeIgniter\Model->doFindAll()
 5 APPPATH/Controllers/UserCrud.php(10): CodeIgniter\BaseModel->findAll()
 6 SYSTEMPATH/CodeIgniter.php(942): App\Controllers\UserCrud->index()
 7 SYSTEMPATH/CodeIgniter.php(502): CodeIgniter\CodeIgniter->runController()
 8 SYSTEMPATH/CodeIgniter.php(361): CodeIgniter\CodeIgniter->handleRequest()
 9 FCPATH/index.php(79): CodeIgniter\CodeIgniter->run()
10 SYSTEMPATH/Commands/Server/rewrite.php(47): require_once('/home/sidao/GIT/sv-ci4-crud-simples/public/index.php')
ERROR - 2023-11-14 01:37:27 --> Error connecting to the database: mysqli_sql_exception: Access denied for user 'root'@'localhost' (using password: YES) in /home/sidao/GIT/sv-ci4-crud-simples/vendor/codeigniter4/framework/system/Database/MySQLi/Connection.php:184
Stack trace:
#0 /home/sidao/GIT/sv-ci4-crud-simples/vendor/codeigniter4/framework/system/Database/MySQLi/Connection.php(184): mysqli->real_connect()
#1 /home/sidao/GIT/sv-ci4-crud-simples/vendor/codeigniter4/framework/system/Database/BaseConnection.php(392): CodeIgniter\Database\MySQLi\Connection->connect()
#2 /home/sidao/GIT/sv-ci4-crud-simples/vendor/codeigniter4/framework/system/Database/BaseConnection.php(575): CodeIgniter\Database\BaseConnection->initialize()
#3 /home/sidao/GIT/sv-ci4-crud-simples/vendor/codeigniter4/framework/system/Database/BaseBuilder.php(1615): CodeIgniter\Database\BaseConnection->query()
#4 /home/sidao/GIT/sv-ci4-crud-simples/vendor/codeigniter4/framework/system/Model.php(237): CodeIgniter\Database\BaseBuilder->get()
#5 /home/sidao/GIT/sv-ci4-crud-simples/vendor/codeigniter4/framework/system/BaseModel.php(624): CodeIgniter\Model->doFindAll()
#6 /home/sidao/GIT/sv-ci4-crud-simples/app/Controllers/UserCrud.php(10): CodeIgniter\BaseModel->findAll()
#7 /home/sidao/GIT/sv-ci4-crud-simples/vendor/codeigniter4/framework/system/CodeIgniter.php(942): App\Controllers\UserCrud->index()
#8 /home/sidao/GIT/sv-ci4-crud-simples/vendor/codeigniter4/framework/system/CodeIgniter.php(502): CodeIgniter\CodeIgniter->runController()
#9 /home/sidao/GIT/sv-ci4-crud-simples/vendor/codeigniter4/framework/system/CodeIgniter.php(361): CodeIgniter\CodeIgniter->handleRequest()
#10 /home/sidao/GIT/sv-ci4-crud-simples/public/index.php(79): CodeIgniter\CodeIgniter->run()
#11 /home/sidao/GIT/sv-ci4-crud-simples/vendor/codeigniter4/framework/system/Commands/Server/rewrite.php(47): require_once('...')
#12 {main}

Next CodeIgniter\Database\Exceptions\DatabaseException: Access denied for user '****'@'localhost' (using password: YES) in /home/sidao/GIT/sv-ci4-crud-simples/vendor/codeigniter4/framework/system/Database/MySQLi/Connection.php:229
Stack trace:
#0 /home/sidao/GIT/sv-ci4-crud-simples/vendor/codeigniter4/framework/system/Database/BaseConnection.php(392): CodeIgniter\Database\MySQLi\Connection->connect()
#1 /home/sidao/GIT/sv-ci4-crud-simples/vendor/codeigniter4/framework/system/Database/BaseConnection.php(575): CodeIgniter\Database\BaseConnection->initialize()
#2 /home/sidao/GIT/sv-ci4-crud-simples/vendor/codeigniter4/framework/system/Database/BaseBuilder.php(1615): CodeIgniter\Database\BaseConnection->query()
#3 /home/sidao/GIT/sv-ci4-crud-simples/vendor/codeigniter4/framework/system/Model.php(237): CodeIgniter\Database\BaseBuilder->get()
#4 /home/sidao/GIT/sv-ci4-crud-simples/vendor/codeigniter4/framework/system/BaseModel.php(624): CodeIgniter\Model->doFindAll()
#5 /home/sidao/GIT/sv-ci4-crud-simples/app/Controllers/UserCrud.php(10): CodeIgniter\BaseModel->findAll()
#6 /home/sidao/GIT/sv-ci4-crud-simples/vendor/codeigniter4/framework/system/CodeIgniter.php(942): App\Controllers\UserCrud->index()
#7 /home/sidao/GIT/sv-ci4-crud-simples/vendor/codeigniter4/framework/system/CodeIgniter.php(502): CodeIgniter\CodeIgniter->runController()
#8 /home/sidao/GIT/sv-ci4-crud-simples/vendor/codeigniter4/framework/system/CodeIgniter.php(361): CodeIgniter\CodeIgniter->handleRequest()
#9 /home/sidao/GIT/sv-ci4-crud-simples/public/index.php(79): CodeIgniter\CodeIgniter->run()
#10 /home/sidao/GIT/sv-ci4-crud-simples/vendor/codeigniter4/framework/system/Commands/Server/rewrite.php(47): require_once('...')
#11 {main}
CRITICAL - 2023-11-14 01:37:27 --> Unable to connect to the database.
Main connection [MySQLi]: Access denied for user '****'@'localhost' (using password: YES)
in SYSTEMPATH/Database/BaseConnection.php on line 428.
 1 SYSTEMPATH/Database/BaseConnection.php(575): CodeIgniter\Database\BaseConnection->initialize()
 2 SYSTEMPATH/Database/BaseBuilder.php(1615): CodeIgniter\Database\BaseConnection->query()
 3 SYSTEMPATH/Model.php(237): CodeIgniter\Database\BaseBuilder->get()
 4 SYSTEMPATH/BaseModel.php(624): CodeIgniter\Model->doFindAll()
 5 APPPATH/Controllers/UserCrud.php(10): CodeIgniter\BaseModel->findAll()
 6 SYSTEMPATH/CodeIgniter.php(942): App\Controllers\UserCrud->index()
 7 SYSTEMPATH/CodeIgniter.php(502): CodeIgniter\CodeIgniter->runController()
 8 SYSTEMPATH/CodeIgniter.php(361): CodeIgniter\CodeIgniter->handleRequest()
 9 FCPATH/index.php(79): CodeIgniter\CodeIgniter->run()
10 SYSTEMPATH/Commands/Server/rewrite.php(47): require_once('/home/sidao/GIT/sv-ci4-crud-simples/public/index.php')
ERROR - 2023-11-14 01:41:23 --> Error connecting to the database: mysqli_sql_exception: Access denied for user ''@'localhost' to database 'ci4_crud_simples' in /home/sidao/GIT/sv-ci4-crud-simples/vendor/codeigniter4/framework/system/Database/MySQLi/Connection.php:184
Stack trace:
#0 /home/sidao/GIT/sv-ci4-crud-simples/vendor/codeigniter4/framework/system/Database/MySQLi/Connection.php(184): mysqli->real_connect()
#1 /home/sidao/GIT/sv-ci4-crud-simples/vendor/codeigniter4/framework/system/Database/BaseConnection.php(392): CodeIgniter\Database\MySQLi\Connection->connect()
#2 /home/sidao/GIT/sv-ci4-crud-simples/vendor/codeigniter4/framework/system/Database/BaseConnection.php(575): CodeIgniter\Database\BaseConnection->initialize()
#3 /home/sidao/GIT/sv-ci4-crud-simples/vendor/codeigniter4/framework/system/Database/BaseBuilder.php(1615): CodeIgniter\Database\BaseConnection->query()
#4 /home/sidao/GIT/sv-ci4-crud-simples/vendor/codeigniter4/framework/system/Model.php(237): CodeIgniter\Database\BaseBuilder->get()
#5 /home/sidao/GIT/sv-ci4-crud-simples/vendor/codeigniter4/framework/system/BaseModel.php(624): CodeIgniter\Model->doFindAll()
#6 /home/sidao/GIT/sv-ci4-crud-simples/app/Controllers/UserCrud.php(10): CodeIgniter\BaseModel->findAll()
#7 /home/sidao/GIT/sv-ci4-crud-simples/vendor/codeigniter4/framework/system/CodeIgniter.php(942): App\Controllers\UserCrud->index()
#8 /home/sidao/GIT/sv-ci4-crud-simples/vendor/codeigniter4/framework/system/CodeIgniter.php(502): CodeIgniter\CodeIgniter->runController()
#9 /home/sidao/GIT/sv-ci4-crud-simples/vendor/codeigniter4/framework/system/CodeIgniter.php(361): CodeIgniter\CodeIgniter->handleRequest()
#10 /home/sidao/GIT/sv-ci4-crud-simples/public/index.php(79): CodeIgniter\CodeIgniter->run()
#11 /home/sidao/GIT/sv-ci4-crud-simples/vendor/codeigniter4/framework/system/Commands/Server/rewrite.php(47): require_once('...')
#12 {main}

Next CodeIgniter\Database\Exceptions\DatabaseException: Access denied for user ''@'localhost' to database 'ci4_crud_simples' in /home/sidao/GIT/sv-ci4-crud-simples/vendor/codeigniter4/framework/system/Database/MySQLi/Connection.php:229
Stack trace:
#0 /home/sidao/GIT/sv-ci4-crud-simples/vendor/codeigniter4/framework/system/Database/BaseConnection.php(392): CodeIgniter\Database\MySQLi\Connection->connect()
#1 /home/sidao/GIT/sv-ci4-crud-simples/vendor/codeigniter4/framework/system/Database/BaseConnection.php(575): CodeIgniter\Database\BaseConnection->initialize()
#2 /home/sidao/GIT/sv-ci4-crud-simples/vendor/codeigniter4/framework/system/Database/BaseBuilder.php(1615): CodeIgniter\Database\BaseConnection->query()
#3 /home/sidao/GIT/sv-ci4-crud-simples/vendor/codeigniter4/framework/system/Model.php(237): CodeIgniter\Database\BaseBuilder->get()
#4 /home/sidao/GIT/sv-ci4-crud-simples/vendor/codeigniter4/framework/system/BaseModel.php(624): CodeIgniter\Model->doFindAll()
#5 /home/sidao/GIT/sv-ci4-crud-simples/app/Controllers/UserCrud.php(10): CodeIgniter\BaseModel->findAll()
#6 /home/sidao/GIT/sv-ci4-crud-simples/vendor/codeigniter4/framework/system/CodeIgniter.php(942): App\Controllers\UserCrud->index()
#7 /home/sidao/GIT/sv-ci4-crud-simples/vendor/codeigniter4/framework/system/CodeIgniter.php(502): CodeIgniter\CodeIgniter->runController()
#8 /home/sidao/GIT/sv-ci4-crud-simples/vendor/codeigniter4/framework/system/CodeIgniter.php(361): CodeIgniter\CodeIgniter->handleRequest()
#9 /home/sidao/GIT/sv-ci4-crud-simples/public/index.php(79): CodeIgniter\CodeIgniter->run()
#10 /home/sidao/GIT/sv-ci4-crud-simples/vendor/codeigniter4/framework/system/Commands/Server/rewrite.php(47): require_once('...')
#11 {main}
CRITICAL - 2023-11-14 01:41:23 --> Unable to connect to the database.
Main connection [MySQLi]: Access denied for user ''@'localhost' to database 'ci4_crud_simples'
in SYSTEMPATH/Database/BaseConnection.php on line 428.
 1 SYSTEMPATH/Database/BaseConnection.php(575): CodeIgniter\Database\BaseConnection->initialize()
 2 SYSTEMPATH/Database/BaseBuilder.php(1615): CodeIgniter\Database\BaseConnection->query()
 3 SYSTEMPATH/Model.php(237): CodeIgniter\Database\BaseBuilder->get()
 4 SYSTEMPATH/BaseModel.php(624): CodeIgniter\Model->doFindAll()
 5 APPPATH/Controllers/UserCrud.php(10): CodeIgniter\BaseModel->findAll()
 6 SYSTEMPATH/CodeIgniter.php(942): App\Controllers\UserCrud->index()
 7 SYSTEMPATH/CodeIgniter.php(502): CodeIgniter\CodeIgniter->runController()
 8 SYSTEMPATH/CodeIgniter.php(361): CodeIgniter\CodeIgniter->handleRequest()
 9 FCPATH/index.php(79): CodeIgniter\CodeIgniter->run()
10 SYSTEMPATH/Commands/Server/rewrite.php(47): require_once('/home/sidao/GIT/sv-ci4-crud-simples/public/index.php')
ERROR - 2023-11-14 01:41:40 --> Error connecting to the database: mysqli_sql_exception: Access denied for user 'mysql'@'localhost' (using password: YES) in /home/sidao/GIT/sv-ci4-crud-simples/vendor/codeigniter4/framework/system/Database/MySQLi/Connection.php:184
Stack trace:
#0 /home/sidao/GIT/sv-ci4-crud-simples/vendor/codeigniter4/framework/system/Database/MySQLi/Connection.php(184): mysqli->real_connect()
#1 /home/sidao/GIT/sv-ci4-crud-simples/vendor/codeigniter4/framework/system/Database/BaseConnection.php(392): CodeIgniter\Database\MySQLi\Connection->connect()
#2 /home/sidao/GIT/sv-ci4-crud-simples/vendor/codeigniter4/framework/system/Database/BaseConnection.php(575): CodeIgniter\Database\BaseConnection->initialize()
#3 /home/sidao/GIT/sv-ci4-crud-simples/vendor/codeigniter4/framework/system/Database/BaseBuilder.php(1615): CodeIgniter\Database\BaseConnection->query()
#4 /home/sidao/GIT/sv-ci4-crud-simples/vendor/codeigniter4/framework/system/Model.php(237): CodeIgniter\Database\BaseBuilder->get()
#5 /home/sidao/GIT/sv-ci4-crud-simples/vendor/codeigniter4/framework/system/BaseModel.php(624): CodeIgniter\Model->doFindAll()
#6 /home/sidao/GIT/sv-ci4-crud-simples/app/Controllers/UserCrud.php(10): CodeIgniter\BaseModel->findAll()
#7 /home/sidao/GIT/sv-ci4-crud-simples/vendor/codeigniter4/framework/system/CodeIgniter.php(942): App\Controllers\UserCrud->index()
#8 /home/sidao/GIT/sv-ci4-crud-simples/vendor/codeigniter4/framework/system/CodeIgniter.php(502): CodeIgniter\CodeIgniter->runController()
#9 /home/sidao/GIT/sv-ci4-crud-simples/vendor/codeigniter4/framework/system/CodeIgniter.php(361): CodeIgniter\CodeIgniter->handleRequest()
#10 /home/sidao/GIT/sv-ci4-crud-simples/public/index.php(79): CodeIgniter\CodeIgniter->run()
#11 /home/sidao/GIT/sv-ci4-crud-simples/vendor/codeigniter4/framework/system/Commands/Server/rewrite.php(47): require_once('...')
#12 {main}

Next CodeIgniter\Database\Exceptions\DatabaseException: Access denied for user '****'@'localhost' (using password: YES) in /home/sidao/GIT/sv-ci4-crud-simples/vendor/codeigniter4/framework/system/Database/MySQLi/Connection.php:229
Stack trace:
#0 /home/sidao/GIT/sv-ci4-crud-simples/vendor/codeigniter4/framework/system/Database/BaseConnection.php(392): CodeIgniter\Database\MySQLi\Connection->connect()
#1 /home/sidao/GIT/sv-ci4-crud-simples/vendor/codeigniter4/framework/system/Database/BaseConnection.php(575): CodeIgniter\Database\BaseConnection->initialize()
#2 /home/sidao/GIT/sv-ci4-crud-simples/vendor/codeigniter4/framework/system/Database/BaseBuilder.php(1615): CodeIgniter\Database\BaseConnection->query()
#3 /home/sidao/GIT/sv-ci4-crud-simples/vendor/codeigniter4/framework/system/Model.php(237): CodeIgniter\Database\BaseBuilder->get()
#4 /home/sidao/GIT/sv-ci4-crud-simples/vendor/codeigniter4/framework/system/BaseModel.php(624): CodeIgniter\Model->doFindAll()
#5 /home/sidao/GIT/sv-ci4-crud-simples/app/Controllers/UserCrud.php(10): CodeIgniter\BaseModel->findAll()
#6 /home/sidao/GIT/sv-ci4-crud-simples/vendor/codeigniter4/framework/system/CodeIgniter.php(942): App\Controllers\UserCrud->index()
#7 /home/sidao/GIT/sv-ci4-crud-simples/vendor/codeigniter4/framework/system/CodeIgniter.php(502): CodeIgniter\CodeIgniter->runController()
#8 /home/sidao/GIT/sv-ci4-crud-simples/vendor/codeigniter4/framework/system/CodeIgniter.php(361): CodeIgniter\CodeIgniter->handleRequest()
#9 /home/sidao/GIT/sv-ci4-crud-simples/public/index.php(79): CodeIgniter\CodeIgniter->run()
#10 /home/sidao/GIT/sv-ci4-crud-simples/vendor/codeigniter4/framework/system/Commands/Server/rewrite.php(47): require_once('...')
#11 {main}
CRITICAL - 2023-11-14 01:41:40 --> Unable to connect to the database.
Main connection [MySQLi]: Access denied for user '****'@'localhost' (using password: YES)
in SYSTEMPATH/Database/BaseConnection.php on line 428.
 1 SYSTEMPATH/Database/BaseConnection.php(575): CodeIgniter\Database\BaseConnection->initialize()
 2 SYSTEMPATH/Database/BaseBuilder.php(1615): CodeIgniter\Database\BaseConnection->query()
 3 SYSTEMPATH/Model.php(237): CodeIgniter\Database\BaseBuilder->get()
 4 SYSTEMPATH/BaseModel.php(624): CodeIgniter\Model->doFindAll()
 5 APPPATH/Controllers/UserCrud.php(10): CodeIgniter\BaseModel->findAll()
 6 SYSTEMPATH/CodeIgniter.php(942): App\Controllers\UserCrud->index()
 7 SYSTEMPATH/CodeIgniter.php(502): CodeIgniter\CodeIgniter->runController()
 8 SYSTEMPATH/CodeIgniter.php(361): CodeIgniter\CodeIgniter->handleRequest()
 9 FCPATH/index.php(79): CodeIgniter\CodeIgniter->run()
10 SYSTEMPATH/Commands/Server/rewrite.php(47): require_once('/home/sidao/GIT/sv-ci4-crud-simples/public/index.php')
ERROR - 2023-11-14 01:41:50 --> Error connecting to the database: mysqli_sql_exception: Access denied for user 'mysql'@'localhost' (using password: YES) in /home/sidao/GIT/sv-ci4-crud-simples/vendor/codeigniter4/framework/system/Database/MySQLi/Connection.php:184
Stack trace:
#0 /home/sidao/GIT/sv-ci4-crud-simples/vendor/codeigniter4/framework/system/Database/MySQLi/Connection.php(184): mysqli->real_connect()
#1 /home/sidao/GIT/sv-ci4-crud-simples/vendor/codeigniter4/framework/system/Database/BaseConnection.php(392): CodeIgniter\Database\MySQLi\Connection->connect()
#2 /home/sidao/GIT/sv-ci4-crud-simples/vendor/codeigniter4/framework/system/Database/BaseConnection.php(575): CodeIgniter\Database\BaseConnection->initialize()
#3 /home/sidao/GIT/sv-ci4-crud-simples/vendor/codeigniter4/framework/system/Database/BaseBuilder.php(1615): CodeIgniter\Database\BaseConnection->query()
#4 /home/sidao/GIT/sv-ci4-crud-simples/vendor/codeigniter4/framework/system/Model.php(237): CodeIgniter\Database\BaseBuilder->get()
#5 /home/sidao/GIT/sv-ci4-crud-simples/vendor/codeigniter4/framework/system/BaseModel.php(624): CodeIgniter\Model->doFindAll()
#6 /home/sidao/GIT/sv-ci4-crud-simples/app/Controllers/UserCrud.php(10): CodeIgniter\BaseModel->findAll()
#7 /home/sidao/GIT/sv-ci4-crud-simples/vendor/codeigniter4/framework/system/CodeIgniter.php(942): App\Controllers\UserCrud->index()
#8 /home/sidao/GIT/sv-ci4-crud-simples/vendor/codeigniter4/framework/system/CodeIgniter.php(502): CodeIgniter\CodeIgniter->runController()
#9 /home/sidao/GIT/sv-ci4-crud-simples/vendor/codeigniter4/framework/system/CodeIgniter.php(361): CodeIgniter\CodeIgniter->handleRequest()
#10 /home/sidao/GIT/sv-ci4-crud-simples/public/index.php(79): CodeIgniter\CodeIgniter->run()
#11 /home/sidao/GIT/sv-ci4-crud-simples/vendor/codeigniter4/framework/system/Commands/Server/rewrite.php(47): require_once('...')
#12 {main}

Next CodeIgniter\Database\Exceptions\DatabaseException: Access denied for user '****'@'localhost' (using password: YES) in /home/sidao/GIT/sv-ci4-crud-simples/vendor/codeigniter4/framework/system/Database/MySQLi/Connection.php:229
Stack trace:
#0 /home/sidao/GIT/sv-ci4-crud-simples/vendor/codeigniter4/framework/system/Database/BaseConnection.php(392): CodeIgniter\Database\MySQLi\Connection->connect()
#1 /home/sidao/GIT/sv-ci4-crud-simples/vendor/codeigniter4/framework/system/Database/BaseConnection.php(575): CodeIgniter\Database\BaseConnection->initialize()
#2 /home/sidao/GIT/sv-ci4-crud-simples/vendor/codeigniter4/framework/system/Database/BaseBuilder.php(1615): CodeIgniter\Database\BaseConnection->query()
#3 /home/sidao/GIT/sv-ci4-crud-simples/vendor/codeigniter4/framework/system/Model.php(237): CodeIgniter\Database\BaseBuilder->get()
#4 /home/sidao/GIT/sv-ci4-crud-simples/vendor/codeigniter4/framework/system/BaseModel.php(624): CodeIgniter\Model->doFindAll()
#5 /home/sidao/GIT/sv-ci4-crud-simples/app/Controllers/UserCrud.php(10): CodeIgniter\BaseModel->findAll()
#6 /home/sidao/GIT/sv-ci4-crud-simples/vendor/codeigniter4/framework/system/CodeIgniter.php(942): App\Controllers\UserCrud->index()
#7 /home/sidao/GIT/sv-ci4-crud-simples/vendor/codeigniter4/framework/system/CodeIgniter.php(502): CodeIgniter\CodeIgniter->runController()
#8 /home/sidao/GIT/sv-ci4-crud-simples/vendor/codeigniter4/framework/system/CodeIgniter.php(361): CodeIgniter\CodeIgniter->handleRequest()
#9 /home/sidao/GIT/sv-ci4-crud-simples/public/index.php(79): CodeIgniter\CodeIgniter->run()
#10 /home/sidao/GIT/sv-ci4-crud-simples/vendor/codeigniter4/framework/system/Commands/Server/rewrite.php(47): require_once('...')
#11 {main}
CRITICAL - 2023-11-14 01:41:50 --> Unable to connect to the database.
Main connection [MySQLi]: Access denied for user '****'@'localhost' (using password: YES)
in SYSTEMPATH/Database/BaseConnection.php on line 428.
 1 SYSTEMPATH/Database/BaseConnection.php(575): CodeIgniter\Database\BaseConnection->initialize()
 2 SYSTEMPATH/Database/BaseBuilder.php(1615): CodeIgniter\Database\BaseConnection->query()
 3 SYSTEMPATH/Model.php(237): CodeIgniter\Database\BaseBuilder->get()
 4 SYSTEMPATH/BaseModel.php(624): CodeIgniter\Model->doFindAll()
 5 APPPATH/Controllers/UserCrud.php(10): CodeIgniter\BaseModel->findAll()
 6 SYSTEMPATH/CodeIgniter.php(942): App\Controllers\UserCrud->index()
 7 SYSTEMPATH/CodeIgniter.php(502): CodeIgniter\CodeIgniter->runController()
 8 SYSTEMPATH/CodeIgniter.php(361): CodeIgniter\CodeIgniter->handleRequest()
 9 FCPATH/index.php(79): CodeIgniter\CodeIgniter->run()
10 SYSTEMPATH/Commands/Server/rewrite.php(47): require_once('/home/sidao/GIT/sv-ci4-crud-simples/public/index.php')
